<?xml version="1.0" encoding="UTF-8"?>
<testsuite xmlns:xsi="http://www.w3.org/2001/XMLSchema-instance" xsi:noNamespaceSchemaLocation="https://maven.apache.org/surefire/maven-surefire-plugin/xsd/surefire-test-report.xsd" name="org.amplienceTest.RunCukesTest" time="5.555" tests="75" errors="0" skipped="0" failures="0">
  <properties>
[...]
</properties>
  <testcase name="Given I have base uri" classname="| q | london | London | 2643743 | -0.1257 | 51.5085 |" time="0.001"/>
  <testcase name="When I execute get request with query param &quot;q&quot; and &quot;london&quot;" classname="| q | london | London | 2643743 | -0.1257 | 51.5085 |" time="0"/>
  <testcase name="Then I should see status code as &quot;200&quot;" classname="| q | london | London | 2643743 | -0.1257 | 51.5085 |" time="0"/>
  <testcase name="And I see response with values of &quot;London&quot;,&quot;2643743&quot;,&quot;-0.1257&quot;,&quot;51.5085&quot;" classname="| q | london | London | 2643743 | -0.1257 | 51.5085 |" time="0"/>
  <testcase name="| q | london | London | 2643743 | -0.1257 | 51.5085 |" classname="| q | london | London | 2643743 | -0.1257 | 51.5085 |" time="0"/>
  <testcase name="Given I have base uri" classname="| id | 2643743 | London | 2643743 | -0.1257 | 51.5085 |" time="0"/>
  <testcase name="When I execute get request with query param &quot;id&quot; and &quot;2643743&quot;" classname="| id | 2643743 | London | 2643743 | -0.1257 | 51.5085 |" time="0"/>
  <testcase name="Then I should see status code as &quot;200&quot;" classname="| id | 2643743 | London | 2643743 | -0.1257 | 51.5085 |" time="0"/>
  <testcase name="And I see response with values of &quot;London&quot;,&quot;2643743&quot;,&quot;-0.1257&quot;,&quot;51.5085&quot;" classname="| id | 2643743 | London | 2643743 | -0.1257 | 51.5085 |" time="0"/>
  <testcase name="| id | 2643743 | London | 2643743 | -0.1257 | 51.5085 |" classname="| id | 2643743 | London | 2643743 | -0.1257 | 51.5085 |" time="0"/>
  <testcase name="Given I have base uri" classname="| zip | 94040 | Mountain View | 0 | -122.088 | 37.3855 |" time="0"/>
  <testcase name="When I execute get request with query param &quot;zip&quot; and &quot;94040&quot;" classname="| zip | 94040 | Mountain View | 0 | -122.088 | 37.3855 |" time="0"/>
  <testcase name="Then I should see status code as &quot;200&quot;" classname="| zip | 94040 | Mountain View | 0 | -122.088 | 37.3855 |" time="0"/>
  <testcase name="And I see response with values of &quot;Mountain View&quot;,&quot;0&quot;,&quot;-122.088&quot;,&quot;37.3855&quot;" classname="| zip | 94040 | Mountain View | 0 | -122.088 | 37.3855 |" time="0"/>
  <testcase name="| zip | 94040 | Mountain View | 0 | -122.088 | 37.3855 |" classname="| zip | 94040 | Mountain View | 0 | -122.088 | 37.3855 |" time="0"/>
  <testcase name="Given I have base uri" classname="Scenario: Validate weather data with valid data" time="0"/>
  <testcase name="When I execute get request by geographic coordinates with query params &quot;51.51&quot; &quot;-0.13&quot;" classname="Scenario: Validate weather data with valid data" time="0"/>
  <testcase name="Then I should see status code as &quot;200&quot;" classname="Scenario: Validate weather data with valid data" time="0"/>
  <testcase name="And I see response with values of &quot;London&quot;,&quot;2643743&quot;,&quot;-0.13&quot;,&quot;51.51&quot;" classname="Scenario: Validate weather data with valid data" time="0"/>
  <testcase name="Scenario: Validate weather data with valid data" classname="Scenario: Validate weather data with valid data" time="0"/>
  <testcase name="Given I have base uri" classname="| q |  |" time="0"/>
  <testcase name="When I execute get request with query param &quot;q&quot; and &quot;&quot;" classname="| q |  |" time="0"/>
  <testcase name="Then I should see status code as &quot;400&quot;" classname="| q |  |" time="0"/>
  <testcase name="And I should see the message body with &quot;message&quot; as &quot;Nothing to geocode&quot;" classname="| q |  |" time="0"/>
  <testcase name="| q |  |" classname="| q |  |" time="0"/>
  <testcase name="Given I have base uri" classname="| id |  |" time="0"/>
  <testcase name="When I execute get request with query param &quot;id&quot; and &quot;&quot;" classname="| id |  |" time="0"/>
  <testcase name="Then I should see status code as &quot;400&quot;" classname="| id |  |" time="0"/>
  <testcase name="And I should see the message body with &quot;message&quot; as &quot;Nothing to geocode&quot;" classname="| id |  |" time="0"/>
  <testcase name="| id |  |" classname="| id |  |" time="0"/>
  <testcase name="Given I have base uri" classname="| zip |  |" time="0"/>
  <testcase name="When I execute get request with query param &quot;zip&quot; and &quot;&quot;" classname="| zip |  |" time="0"/>
  <testcase name="Then I should see status code as &quot;400&quot;" classname="| zip |  |" time="0"/>
  <testcase name="And I should see the message body with &quot;message&quot; as &quot;Nothing to geocode&quot;" classname="| zip |  |" time="0"/>
  <testcase name="| zip |  |" classname="| zip |  |" time="0"/>
  <testcase name="Given I have base uri" classname="| q | london12 |" time="0"/>
  <testcase name="When I execute get request with query param &quot;q&quot; and &quot;london12&quot;" classname="| q | london12 |" time="0"/>
  <testcase name="Then I should see status code as &quot;404&quot;" classname="| q | london12 |" time="0"/>
  <testcase name="And I should see the message body with &quot;message&quot; as &quot;city not found&quot;" classname="| q | london12 |" time="0"/>
  <testcase name="| q | london12 |" classname="| q | london12 |" time="0"/>
  <testcase name="Given I have base uri" classname="| id | 264374398088 |" time="0"/>
  <testcase name="When I execute get request with query param &quot;id&quot; and &quot;264374398088&quot;" classname="| id | 264374398088 |" time="0"/>
  <testcase name="Then I should see status code as &quot;404&quot;" classname="| id | 264374398088 |" time="0"/>
  <testcase name="And I should see the message body with &quot;message&quot; as &quot;city not found&quot;" classname="| id | 264374398088 |" time="0"/>
  <testcase name="| id | 264374398088 |" classname="| id | 264374398088 |" time="0"/>
  <testcase name="Given I have base uri" classname="| zip | 9404078998909 |" time="0"/>
  <testcase name="When I execute get request with query param &quot;zip&quot; and &quot;9404078998909&quot;" classname="| zip | 9404078998909 |" time="0"/>
  <testcase name="Then I should see status code as &quot;404&quot;" classname="| zip | 9404078998909 |" time="0"/>
  <testcase name="And I should see the message body with &quot;message&quot; as &quot;city not found&quot;" classname="| zip | 9404078998909 |" time="0"/>
  <testcase name="| zip | 9404078998909 |" classname="| zip | 9404078998909 |" time="0"/>
  <testcase name="Given I have base uri" classname="| q1 | london |" time="0"/>
  <testcase name="When I execute get request with query param &quot;q1&quot; and &quot;london&quot;" classname="| q1 | london |" time="0"/>
  <testcase name="Then I should see status code as &quot;400&quot;" classname="| q1 | london |" time="0"/>
  <testcase name="And I should see the message body with &quot;message&quot; as &quot;Nothing to geocode&quot;" classname="| q1 | london |" time="0"/>
  <testcase name="| q1 | london |" classname="| q1 | london |" time="0"/>
  <testcase name="Given I have base uri" classname="|  | 2643743 |" time="0"/>
  <testcase name="When I execute get request with query param &quot;&quot; and &quot;2643743&quot;" classname="|  | 2643743 |" time="0"/>
  <testcase name="Then I should see status code as &quot;400&quot;" classname="|  | 2643743 |" time="0.001"/>
  <testcase name="And I should see the message body with &quot;message&quot; as &quot;Nothing to geocode&quot;" classname="|  | 2643743 |" time="0"/>
  <testcase name="|  | 2643743 |" classname="|  | 2643743 |" time="0"/>
  <testcase name="Given I have base uri" classname="| zip1 | 94040 |" time="0"/>
  <testcase name="When I execute get request with query param &quot;zip1&quot; and &quot;94040&quot;" classname="| zip1 | 94040 |" time="0"/>
  <testcase name="Then I should see status code as &quot;400&quot;" classname="| zip1 | 94040 |" time="0"/>
  <testcase name="And I should see the message body with &quot;message&quot; as &quot;Nothing to geocode&quot;" classname="| zip1 | 94040 |" time="0"/>
  <testcase name="| zip1 | 94040 |" classname="| zip1 | 94040 |" time="0"/>
  <testcase name="Given I have base uri" classname="Scenario: Validate weather data with wrong Api key" time="0"/>
  <testcase name="When I execute get request with wrong api key and query param as &quot;q&quot; and &quot;london&quot;" classname="Scenario: Validate weather data with wrong Api key" time="0"/>
  <testcase name="Then I should see status code as &quot;401&quot;" classname="Scenario: Validate weather data with wrong Api key" time="0"/>
  <testcase name="And I should see the message body with &quot;message&quot; as &quot;Invalid API key. Please see http://openweathermap.org/faq#error401 for more info.&quot;" classname="Scenario: Validate weather data with wrong Api key" time="0"/>
  <testcase name="Scenario: Validate weather data with wrong Api key" classname="Scenario: Validate weather data with wrong Api key" time="0"/>
  <testcase name="Given I have base uri" classname="Scenario: Validate weather data without Api key" time="0"/>
  <testcase name="When I execute get request without api key and query param as &quot;q&quot; and &quot;london&quot;" classname="Scenario: Validate weather data without Api key" time="0"/>
  <testcase name="Then I should see status code as &quot;401&quot;" classname="Scenario: Validate weather data without Api key" time="0"/>
  <testcase name="And I should see the message body with &quot;message&quot; as &quot;Invalid API key. Please see http://openweathermap.org/faq#error401 for more info.&quot;" classname="Scenario: Validate weather data without Api key" time="0"/>
  <testcase name="Scenario: Validate weather data without Api key" classname="Scenario: Validate weather data without Api key" time="0"/>
</testsuite>